00:00:00.000126 main     VirtualBox XPCOM Server 6.1.4 r136177 linux.amd64 (Mar  9 2020 22:39:15) release log
00:00:00.000128 main     Log opened 2020-03-29T14:26:26.695268000Z
00:00:00.000129 main     Build Type: release
00:00:00.000130 main     OS Product: Linux
00:00:00.000131 main     OS Release: 5.5.13-arch1-1
00:00:00.000132 main     OS Version: #1 SMP PREEMPT Wed, 25 Mar 2020 16:04:40 +0000
00:00:00.000146 main     DMI Product Name: Blade Stealth
00:00:00.000151 main     DMI Product Version: 3.06
00:00:00.000154 main     Firmware type: UEFI
00:00:00.000855 main     Secure Boot: Disabled
00:00:00.000879 main     Host RAM: 15906MB (15.5GB) total, 15316MB (14.9GB) available
00:00:00.000881 main     Executable: /usr/lib/virtualbox/VBoxSVC
00:00:00.000882 main     Process ID: 76874
00:00:00.000882 main     Package type: LINUX_64BITS_GENERIC (OSE)
00:00:00.002104 main     IPC socket path: /tmp/.vbox-silky-ipc/ipcd
00:00:00.106850 nspr-2   VirtualBox: object creation starts
00:00:00.106923 nspr-2   Home directory: '/home/silky/.config/VirtualBox'
00:00:00.118131 nspr-2   HostDnsMonitor: initializing
00:00:00.118595 nspr-2   NAT: resolv.conf: nameserver 10.106.151.90
00:00:00.118617 nspr-2   NAT: resolv.conf: nameserver 10.106.151.100
00:00:00.118623 nspr-2   NAT: resolv.conf: nameserver 10.106.65.205
00:00:00.118629 nspr-2   NAT: resolv.conf: too many nameserver lines, ignoring 10.106.49.30
00:00:00.118648 nspr-2   HostDnsMonitor: updating information
00:00:00.118676 nspr-2   HostDnsMonitor: old information
00:00:00.118682 nspr-2     no server entries
00:00:00.118687 nspr-2     no domain set
00:00:00.118692 nspr-2     no search string entries
00:00:00.118696 nspr-2   HostDnsMonitor: new information
00:00:00.118700 nspr-2     server 1: 10.106.151.90
00:00:00.118706 nspr-2     server 2: 10.106.151.100
00:00:00.118710 nspr-2     server 3: 10.106.65.205
00:00:00.118715 nspr-2     domain: cmh50.corp.amazon.com
00:00:00.118719 nspr-2     search string 1: cmh50.corp.amazon.com
00:00:00.118724 nspr-2     search string 2: amazon.com
00:00:00.122677 nspr-2   Failed to open "/dev/vboxdrvu", errno=2, rc=VERR_VM_DRIVER_NOT_INSTALLED
00:00:00.123007 nspr-2   VD: VDInit finished with VINF_SUCCESS
00:00:00.123163 nspr-2   ERROR [COM]: aRC=NS_ERROR_FAILURE (0x80004005) aIID={027bc463-929c-40e8-bf16-fea557cd8e7e} aComponent={SystemPropertiesWrap} aText={Cannot determine default Guest Additions ISO location. Most likely they are not available}, preserve=false aResultDetail=0
00:00:00.124165 nspr-2   VirtualBox: object created
00:00:00.133788 nspr-2   Saving settings file "/home/silky/.config/VirtualBox/VirtualBox.xml" with version "1.12-linux"
00:00:05.142991 main     VirtualBox: object deletion starts
00:00:05.143158 main     HostDnsMonitor: shutting down ...
00:00:05.148877 main     HostDnsMonitor: shut down
00:00:05.626004 Watcher  ERROR [COM]: aRC=E_ACCESSDENIED (0x80070005) aIID={d0a0163f-e254-4e5b-a1f2-011cf991c38d} aComponent={VirtualBoxWrap} aText={The object is not ready}, preserve=false aResultDetail=0
00:00:10.149399 main     {00007fb060016200} HostPowerServiceLinux::~HostPowerServiceLinux: RTThreadWait() for 5000 ms failed with VERR_TIMEOUT
00:00:10.149945 main     VirtualBox: object deleted
